<?xml version="1.0" encoding="UTF-8"?>
<!-- Generated by org.testng.reporters.JUnitReportReporter -->
<testsuite hostname="DESKTOP-B0DD0C2" failures="0" tests="1" name="test.DashBoard" time="14.889" errors="0" timestamp="2024-03-01T21:30:59 IST" skipped="0">
  <testcase classname="test.DashBoard" name="verify" time="14.889"/>
  <system-out/>
</testsuite> <!-- test.DashBoard -->
