<?xml version="1.0" encoding="UTF-8"?>
<!-- Generated by org.testng.reporters.JUnitReportReporter -->
<testsuite hostname="DESKTOP-B0DD0C2" failures="0" tests="1" name="test.TestClass" time="18.915" errors="0" timestamp="2024-02-29T21:59:25 IST" skipped="0">
  <testcase classname="test.TestClass" name="setUp" time="18.915"/>
  <system-out/>
</testsuite> <!-- test.TestClass -->
