<?xml version="1.0" encoding="UTF-8"?>
<!-- Generated by org.testng.reporters.JUnitReportReporter -->
<testsuite hostname="DESKTOP-B0DD0C2" failures="0" tests="1" name="test.UpdateProfile" time="15.246" errors="0" timestamp="2024-03-01T21:47:00 IST" skipped="0">
  <testcase classname="test.UpdateProfile" name="verify" time="15.246"/>
  <system-out/>
</testsuite> <!-- test.UpdateProfile -->
