<?xml version="1.0" encoding="UTF-8"?>
<!-- Generated by org.testng.reporters.JUnitReportReporter -->
<testsuite hostname="DESKTOP-B0DD0C2" failures="0" tests="1" name="test.UpdateProfile" time="14.658" errors="0" timestamp="2024-03-01T22:06:21 IST" skipped="0">
  <testcase classname="test.UpdateProfile" name="verify" time="14.658"/>
  <system-out/>
</testsuite> <!-- test.UpdateProfile -->
