<?xml version="1.0" encoding="UTF-8"?>
<!-- Generated by org.testng.reporters.JUnitReportReporter -->
<testsuite hostname="DESKTOP-B0DD0C2" failures="0" tests="1" name="test.UpdateProfile" time="24.129" errors="0" timestamp="2024-03-08T16:46:04 IST" skipped="0">
  <testcase classname="test.UpdateProfile" name="testUpdatedProfile" time="24.129"/>
  <system-out/>
</testsuite> <!-- test.UpdateProfile -->
